 ***************************************************************************
 ALAMO version 2019.1.26. Built: WIN-64 Sat Jan 26 22:11:34 EST 2019
 
The options and data used in solving this problem are as follows:
 
NINPUTS           =              1
NOUTPUTS          =              1
NTRANS            =              0
NCVF              =              5
NPENL             =            100
NDATA             =             15
NPREDATA          =              0
NSAMPLE           =              0
NVALDATA          =              5
NVALSAMPLE        =              0
NVALSETS          =              1
PRFREQ            =              1
INITIALPOINTS     =             15
SAMPLER           =              1
MODELER           =              1
INITIALIZER       =              1
BUILDER           =              1
ENUM1             =          16384
ENUMALL           =              0
GREEDYBUILDER     =               T
NDGELS            =            120
REGULARIZER       =              0
TOLMAXERROR       = 0.500000007451E-001 
MAXSIM            =             10
MINPOINTS         =              1
MAXPOINTS         =              7
OBJFUN            =              1
MATSNOB           =               F
SNOBFITP          = 0.5 
SNOBFITRESOLUTION = 0.100000000000E-004 
MAXTIME           = 1000 
DATALIMITTERMS    =               T
NUMLIMITBASIS     =               T
CONVPEN           = 0 
MONO              =              1
MULTI2            =              2
MULTI3            =              0
RATIOS            =              0
EXPFCNS           =               F
LINFCNS           =               T
LOGFCNS           =               F
SINFCNS           =               F
COSFCNS           =               F
CONSTANT          =               T
GRBFCNS           =               F
PRBF              =               F
LK                =               F
NCUSTOMBAS        =              0
OTHERBASIS        =              0
USEGPU            =               F
XSCALING          =               F
SCALEZ            =               F
MAXITER           =              1
TOLESTERROR       = 0.999999977648E-002 
TOLSSE            = 0 
FUNFORM           =              5
RBFPARAM          = 1 
PRESET            = -111111 
LINEARERROR       =               F
SOLVEMIP          =               F
DELTATERM         =               T
SHORTCUT          =               T
DIVE              =               T
FIRSTFEAS         =               F
MIPOPTCA          = 0.500000007451E-001 
MIPOPTCR          = 0.999999974738E-004 
CRTOL             = 0.100000000000E-002 
CRNINITIAL        =              0
CRMAXITER         =             10
CRNVIOL           =              5
CRNTRIALS         =            100
CRNCUSTOM         =              0
NGROUPS           =              0
SIMULATOR         =      mysim
SIMIN             =      input.txt
SIMOUT            =      output.txt
GAMS              =      gams
GAMSSOLVER        =      baron
GAMSNLPSOLVER     =      baron
SNOBFITTEST       =      test.mat
SNOBFITPATH       =      C:\SNOBFIT\
MINQPATH          =      C:\MINQ5\
SCRATCH           =      almscr
===========================================================================

XLABELS           XMIN                  XMAX                  XISINT
x1        -140.034753039         140.034753039                          F
ZLABELS   TOLMEANERROR          TOLRELMETRIC          TOLABSMETRIC            MAXTERMS                 ZISINT
z1         0.00000000000        0.100000000000E-005   0.100000000000E-005            3    F

XDATA and ZDATA
  78.7695485843 1342.41905755 
  87.5217206492 1470.19777245 
  122.530408909 1981.3169131 
  -87.5217206492 1480.04036945 
  17.5043441298 448.051047494 
  -52.5130323895 968.931388286 
  -61.2652044545 1096.7067278 
  52.5130323895 959.088900451 
  -140.034753039 2246.72056309 
  -122.530408909 1991.15954018 
  -35.0086882597 713.39017602 
  105.026064779 1725.7567005 
  -17.5043441298 457.892169983 
  -131.282580974 2118.9399717 
  0 203.922877315 

NVALDATA
           5

NVALSAMPLE
 

XVALDATA and ZVALDATA
   70.0173765193757        1214.64109150732     
   35.0086882596879        703.547901427909     
  -105.026064779064        1735.59931626577     
  -70.0173765193758        1224.48365396940     
   8.75217206492198        320.396277869607     

MONOPOWERS
2 

MULTI2POWERS
   1.00000000000000        2.00000000000000     
===========================================================================
Total number of bases considered =         3

BASES considered
 x1
 x1^2
 1.00
===========================================================================
 
 Step 0: Initializing data set
 User provided an initial data set of 15 data points
 We will sample no more data points at this stage
 ***************************************************************************
 Iteration 1 (Approx. elapsed time 0.16E-01 s)
 
 Step 1: Model building using BIC
 
 Model building for variable z1
 sigma in almsurr1 =    156.050939695828
 ----
 BIC = 184. with z1 = 0.13933338005717257890304 * x1^2
 ----
 BIC = 158. with z1 = 0.94590122809439999840286E-001 * x1^2 + 583.27053653570146707352
 
 Calculating quality metrics on observed and validation data set.
 Errors on observed data points 
 (for each data point: x, z, zmodel, square error, absolute error):
  78.7695485843 1342.41905755 1170.16836489 29670.3011229 12.8313652651 
  87.5217206492 1470.19777245 1307.83575673 26361.4241497 11.0435492942 
  122.530408909 1981.3169131 2003.41836811 488.47431335 1.11549317826 
  -87.5217206492 1480.04036945 1307.83575673 29654.4286439 11.6351294383 
  17.5043441298 448.051047494 612.253145343 26962.328938 36.6480781079 
  -52.5130323895 968.931388286 844.114015804 15579.3764734 12.8819619213 
  -61.2652044545 1096.7067278 938.307494429 25090.3171326 14.4431714839 
  52.5130323895 959.088900451 844.114015804 13219.2240997 11.9879277712 
  -140.034753039 2246.72056309 2438.15750022 36648.1008993 8.52072751188 
  -122.530408909 1991.15954018 2003.41836811 150.278862162 0.615662767366 
  -35.0086882597 713.39017602 699.200971766 201.333517347 1.98898228914 
  105.026064779 1725.7567005 1626.64445361 9823.23748406 5.74311818483 
  -17.5043441298 457.892169983 612.253145343 23827.310714 33.711206585 
  -131.282580974 2118.9399717 2213.54228196 8949.59710692 4.46460548791 
  0 203.922877315 583.270536536 143904.646556 186.025062129 
 Maximum absolute errors (%) on observed data points 
  186.025062129 
 
 Errors for validation points (for each data point: x, z, zmodel, square error, absolute error):
  70.0173765194 1214.64109151 1046.99227746 28106.1248525 167.64881405 
  35.0086882597 703.547901428 699.200971766 18.8957974852 4.34692966187 
  -105.026064779 1735.59931627 1626.64445361 11871.1620966 108.954862657 
  -70.0173765194 1224.48365397 1046.99227746 31503.1887362 177.491376512 
  8.75217206492 320.39627787 590.516188738 72964.7662473 -270.119910868 
 
 
 Quality metrics for output z1
 -----------------------------
 SSE OLR:                      0.365E+06
 SSE:                          0.391E+06
 SSE for validation dataset:   0.144E+06
 RMSE:                         161.
 RMSE for validation dataset:  170.
 R2:                           0.935
 R2 adjusted:                  0.924
 R2 for validation dataset:    0.878
 R2 adjusted for this set:     0.755
 Model size:                   2
 BIC:                          158.
 Cp:                           0.249E+04
 AICc:                         158.
 HQC:                          156.
 MSE:                          0.325E+05
 SSEp:                         0.391E+06
 RIC:                          0.251E+04
 MADp:                         186.
 MAD for validation dataset:   12.5

 BETAS and BASES chosen for this output
  9.459012280944000E-002 x1^2
   583.270536535701      1.00
 
 
 Total execution time 0.31E-01 s
 Times breakdown
     OLR time:        0.0 s in 8 ordinary linear regression problem(s)
     MIP time:        0.0 s in 0 quadratic integer problem(s)
     Simulation time: 0.0 s to simulate 0 point(s)
     All other time:  0.31E-01 s in 1 iteration(s)
 
 Normal termination
 ***************************************************************************
